<?xml version="1.0" encoding="UTF-8"?>
<!-- Generated by org.testng.reporters.JUnitXMLReporter -->
<testsuite ignored="3" hostname="Sohaila" failures="0" tests="1" name="SwagLabs-Project" time="0.172" errors="0" timestamp="30 Sep 2023 07:53:34 GMT">
  <testcase classname="testCases.TestBase" name="@BeforeTest setupChromeDriver" time="0.0">
    <failure type="org.testng.TestNGException" message="
Parameter &amp;apos;browser&amp;apos; is required by BeforeTest on method setupChromeDriver but has not been marked @Optional or defined
in C:\Users\Sohaila\AppData\Local\JetBrains\IdeaIC2023.2\temp-testng-customsuite.xml">
      <![CDATA[org.testng.TestNGException: 
Parameter 'browser' is required by BeforeTest on method setupChromeDriver but has not been marked @Optional or defined
in C:\Users\Sohaila\AppData\Local\JetBrains\IdeaIC2023.2\temp-testng-customsuite.xml
at com.intellij.rt.testng.IDEARemoteTestNG.run(IDEARemoteTestNG.java:66)
at com.intellij.rt.testng.RemoteTestNGStarter.main(RemoteTestNGStarter.java:105)
... Removed 18 stack frames]]>
    </failure>
  </testcase> <!-- @BeforeTest setupChromeDriver -->
  <testcase classname="testCases.TC01_LoginTest" name="LoginTestWithValidData_P" time="0.0">
    <skipped/>
  </testcase> <!-- LoginTestWithValidData_P -->
  <testcase classname="testCases.TC01_LoginTest" name="LoginTestWithInvalidPassword_N" time="0.0">
    <ignored/>
  </testcase> <!-- LoginTestWithInvalidPassword_N -->
  <testcase classname="testCases.TC01_LoginTest" name="LoginTestWithInvalidUsernameAndInvalidPassword_N" time="0.0">
    <ignored/>
  </testcase> <!-- LoginTestWithInvalidUsernameAndInvalidPassword_N -->
  <testcase classname="testCases.TC01_LoginTest" name="LoginTestWithInvalidUsername_N" time="0.0">
    <ignored/>
  </testcase> <!-- LoginTestWithInvalidUsername_N -->
</testsuite> <!-- SwagLabs-Project -->
